<?xml version="1.0" encoding="UTF-8"?>
<testng-results skipped="0" failed="0" ignored="0" total="1" passed="1">
  <reporter-output>
  </reporter-output>
  <suite name="Default suite" duration-ms="144921" started-at="2020-03-10T23:19:01 IST" finished-at="2020-03-10T23:21:25 IST">
    <groups>
    </groups>
    <test name="Default test" duration-ms="144921" started-at="2020-03-10T23:19:01 IST" finished-at="2020-03-10T23:21:25 IST">
      <class name="com.testcase.Ship_Test">
        <test-method status="PASS" signature="beforeClass()[pri:0, instance:com.testcase.Ship_Test@49fc609f]" name="beforeClass" is-config="true" duration-ms="51512" started-at="2020-03-10T23:19:01 IST" finished-at="2020-03-10T23:19:52 IST">
          <reporter-output>
          </reporter-output>
        </test-method> <!-- beforeClass -->
        <test-method status="PASS" signature="f()[pri:0, instance:com.testcase.Ship_Test@49fc609f]" name="f" duration-ms="88904" started-at="2020-03-10T23:19:52 IST" finished-at="2020-03-10T23:21:21 IST">
          <reporter-output>
          </reporter-output>
        </test-method> <!-- f -->
        <test-method status="PASS" signature="afterClass()[pri:0, instance:com.testcase.Ship_Test@49fc609f]" name="afterClass" is-config="true" duration-ms="4442" started-at="2020-03-10T23:21:21 IST" finished-at="2020-03-10T23:21:25 IST">
          <reporter-output>
          </reporter-output>
        </test-method> <!-- afterClass -->
      </class> <!-- com.testcase.Ship_Test -->
    </test> <!-- Default test -->
  </suite> <!-- Default suite -->
</testng-results>
